\BOOKMARK [0][-]{chapter.1}{Wstep}{}% 1
\BOOKMARK [0][-]{chapter.2}{Logika klasyczna}{}% 2
\BOOKMARK [1][-]{section.2.1}{Funkcja boolowska}{chapter.2}% 3
\BOOKMARK [2][-]{subsection.2.1.1}{Podstawowe funkcje boolowskie}{section.2.1}% 4
\BOOKMARK [2][-]{subsection.2.1.2}{Kanoniczna postac sumacyjna \(SOP\)}{section.2.1}% 5
\BOOKMARK [1][-]{section.2.2}{Uk\233ady logiczne}{chapter.2}% 6
\BOOKMARK [0][-]{chapter.3}{Model uk\233adu kwantowego}{}% 7
\BOOKMARK [1][-]{section.3.1}{Stan kwantowy kubitu}{chapter.3}% 8
\BOOKMARK [2][-]{subsection.3.1.1}{Notacja Diraca}{section.3.1}% 9
\BOOKMARK [1][-]{section.3.2}{Stan kwantowy rejestru kubit\363w}{chapter.3}% 10
\BOOKMARK [2][-]{subsection.3.2.1}{Stan rejestru kubit\363w a stan\363w kubit\363w}{section.3.2}% 11
\BOOKMARK [2][-]{subsection.3.2.2}{Splatanie kwantowe}{section.3.2}% 12
\BOOKMARK [1][-]{section.3.3}{Bramka kwantowa}{chapter.3}% 13
\BOOKMARK [1][-]{section.3.4}{Wybrane bramki kwantowe}{chapter.3}% 14
\BOOKMARK [2][-]{subsection.3.4.1}{Bramka NOT}{section.3.4}% 15
\BOOKMARK [2][-]{subsection.3.4.2}{Uog\363lniona bramka Toffoliego}{section.3.4}% 16
\BOOKMARK [2][-]{subsection.3.4.3}{Bramka SWAP}{section.3.4}% 17
\BOOKMARK [2][-]{subsection.3.4.4}{Bramka Fredkina}{section.3.4}% 18
\BOOKMARK [2][-]{subsection.3.4.5}{Bramka Hadamarda}{section.3.4}% 19
\BOOKMARK [1][-]{section.3.5}{Uk\233ad kwantowy}{chapter.3}% 20
\BOOKMARK [0][-]{chapter.4}{Projekt systemu}{}% 21
\BOOKMARK [1][-]{section.4.1}{Wymagania}{chapter.4}% 22
\BOOKMARK [2][-]{subsection.4.1.1}{Za\233ozenia dotyczace opisu wejsciowego}{section.4.1}% 23
\BOOKMARK [2][-]{subsection.4.1.2}{Za\233ozenia dotyczace zwracanego wyniku}{section.4.1}% 24
\BOOKMARK [2][-]{subsection.4.1.3}{Wymagania dodatkowe}{section.4.1}% 25
\BOOKMARK [1][-]{section.4.2}{Architektura systemu}{chapter.4}% 26
\BOOKMARK [1][-]{section.4.3}{Jezyk wejsciowy i parser}{chapter.4}% 27
\BOOKMARK [2][-]{subsection.4.3.1}{Gramatyka}{section.4.3}% 28
\BOOKMARK [2][-]{subsection.4.3.2}{Analiza leksykalna}{section.4.3}% 29
\BOOKMARK [2][-]{subsection.4.3.3}{Instrukcje i analiza semantyczna}{section.4.3}% 30
\BOOKMARK [1][-]{section.4.4}{Translator}{chapter.4}% 31
\BOOKMARK [1][-]{section.4.5}{Uk\233ad kwantowy z rejestrem}{chapter.4}% 32
\BOOKMARK [2][-]{subsection.4.5.1}{Przyk\233ad}{section.4.5}% 33
\BOOKMARK [1][-]{section.4.6}{Symulator}{chapter.4}% 34
\BOOKMARK [2][-]{subsection.4.6.1}{Generacja macierzy bramek z ich definicji}{section.4.6}% 35
\BOOKMARK [1][-]{section.4.7}{Wyjscie}{chapter.4}% 36
\BOOKMARK [0][-]{chapter.5}{Translacja uk\233ad\363w logicznych do uk\233ad\363w kwantowych}{}% 37
\BOOKMARK [1][-]{section.5.1}{Problem translacji}{chapter.5}% 38
\BOOKMARK [1][-]{section.5.2}{Podejscie naiwne}{chapter.5}% 39
\BOOKMARK [2][-]{subsection.5.2.1}{Copy}{section.5.2}% 40
\BOOKMARK [2][-]{subsection.5.2.2}{Not}{section.5.2}% 41
\BOOKMARK [2][-]{subsection.5.2.3}{And}{section.5.2}% 42
\BOOKMARK [1][-]{section.5.3}{Wyrazanie funkcji boolowskich za pomoca uk\233ad\363w kwantowych}{chapter.5}% 43
\BOOKMARK [2][-]{subsection.5.3.1}{Wejscie}{section.5.3}% 44
\BOOKMARK [2][-]{subsection.5.3.2}{Przyk\233ad}{section.5.3}% 45
\BOOKMARK [2][-]{subsection.5.3.3}{Teoretyczne minimum dla bit\363w pomocniczych}{section.5.3}% 46
\BOOKMARK [1][-]{section.5.4}{Postac ESOP}{chapter.5}% 47
\BOOKMARK [1][-]{section.5.5}{Tworzenie uk\233adu kwantowego z postaci ESOP}{chapter.5}% 48
\BOOKMARK [2][-]{subsection.5.5.1}{Przyk\233ad}{section.5.5}% 49
\BOOKMARK [2][-]{subsection.5.5.2}{Algorytm}{section.5.5}% 50
\BOOKMARK [1][-]{section.5.6}{Rozwiniecie Shannona}{chapter.5}% 51
\BOOKMARK [2][-]{subsection.5.6.1}{Algorytm}{section.5.6}% 52
\BOOKMARK [0][-]{chapter.6}{Implementacja systemu}{}% 53
\BOOKMARK [1][-]{section.6.1}{Opis technologii}{chapter.6}% 54
\BOOKMARK [1][-]{section.6.2}{Instrukcja obs\233ugi}{chapter.6}% 55
\BOOKMARK [1][-]{section.6.3}{Jezyk wyjscia}{chapter.6}% 56
\BOOKMARK [0][-]{chapter.7}{Przyk\233ady uzycia}{}% 57
\BOOKMARK [1][-]{section.7.1}{Funkcja boolowska}{chapter.7}% 58
\BOOKMARK [2][-]{subsection.7.1.1}{Wejscie}{section.7.1}% 59
\BOOKMARK [2][-]{subsection.7.1.2}{Wyjscie}{section.7.1}% 60
\BOOKMARK [1][-]{section.7.2}{Uk\233ad logiczny z wartosciami 1/2}{chapter.7}% 61
\BOOKMARK [2][-]{subsection.7.2.1}{Wejscie}{section.7.2}% 62
\BOOKMARK [2][-]{subsection.7.2.2}{Wyjscie}{section.7.2}% 63
\BOOKMARK [1][-]{section.7.3}{Bramki kwantowe}{chapter.7}% 64
\BOOKMARK [2][-]{subsection.7.3.1}{Wejscie}{section.7.3}% 65
\BOOKMARK [2][-]{subsection.7.3.2}{Wyjscie}{section.7.3}% 66
\BOOKMARK [0][-]{chapter.8}{Podsumowanie}{}% 67
\BOOKMARK [1][-]{section.8.1}{Minimalizacja liczby kubit\363w pomocniczych}{chapter.8}% 68
\BOOKMARK [2][-]{subsection.8.1.1}{Wnioski i uwagi}{section.8.1}% 69
\BOOKMARK [1][-]{section.8.2}{Dalszy rozw\363j}{chapter.8}% 70
\BOOKMARK [2][-]{subsection.8.2.1}{Poszerzenie zbioru bramek kwantowych}{section.8.2}% 71
\BOOKMARK [2][-]{subsection.8.2.2}{Dodanie nowych instrukcji}{section.8.2}% 72
\BOOKMARK [0][-]{chapter*.19}{Bibliografia}{}% 73
